<?xml version="1.0" encoding="UTF-8"?>
<!-- Generated by org.testng.reporters.JUnitReportReporter -->
<testsuite hostname="WKWZTUPS8QyX67O" failures="0" tests="1" name="sample.SimpleConcatination" time="7.926" errors="0" timestamp="2022-11-29T21:41:43 IST" skipped="0">
  <testcase classname="sample.SimpleConcatination" name="method1" time="7.926"/>
  <system-out/>
</testsuite> <!-- sample.SimpleConcatination -->
